Using pre-set license
Built from '2020.3/staging' branch; Version is '2020.3.21f1 (a38c86f6690f) revision 10718342'; Using compiler version '192528614'; Build Type 'Release'
OS: 'Windows 10 Pro; OS build 19042.1288; Version 2009; 64bit' Language: 'en' Physical Memory: 229375 MB
BatchMode: 1, IsHumanControllingUs: 0, StartBugReporterOnCrash: 0, Is64bit: 1, IsPro: 0

COMMAND LINE ARGUMENTS:
D:\Unity Editor\2020.3.21f1\Editor\Unity.exe
-adb2
-batchMode
-noUpm
-name
AssetImportWorker0
-projectPath
D:/Unity Projects/New Unity Project
-logFile
Logs/AssetImportWorker0.log
-srvPort
57061
Successfully changed project path to: D:/Unity Projects/New Unity Project
D:/Unity Projects/New Unity Project
Using Asset Import Pipeline V2.
Refreshing native plugins compatible for Editor in 34.50 ms, found 2 plugins.
Preloading 0 native plugins for Editor in 0.00 ms.
Initialize engine version: 2020.3.21f1 (a38c86f6690f)
[Subsystems] Discovering subsystems at path D:/Unity Editor/2020.3.21f1/Editor/Data/Resources/UnitySubsystems
[Subsystems] Discovering subsystems at path D:/Unity Projects/New Unity Project/Assets
GfxDevice: creating device client; threaded=0
Direct3D:
    Version:  Direct3D 11.0 [level 11.1]
    Renderer: NVIDIA Tesla M60 (ID=0x13f2)
    Vendor:   
    VRAM:     8098 MB
    Driver:   27.21.14.6231
Initialize mono
Mono path[0] = 'D:/Unity Editor/2020.3.21f1/Editor/Data/Managed'
Mono path[1] = 'D:/Unity Editor/2020.3.21f1/Editor/Data/MonoBleedingEdge/lib/mono/unityjit'
Mono config path = 'D:/Unity Editor/2020.3.21f1/Editor/Data/MonoBleedingEdge/etc'
Using monoOptions --debugger-agent=transport=dt_socket,embedding=1,server=y,suspend=n,address=127.0.0.1:56444
Begin MonoManager ReloadAssembly
Registering precompiled unity dll's ...
Register platform support module: D:/Unity Editor/2020.3.21f1/Editor/Data/PlaybackEngines/WindowsStandaloneSupport/UnityEditor.WindowsStandalone.Extensions.dll
Registered in 0.001498 seconds.
Native extension for WindowsStandalone target not found
Refreshing native plugins compatible for Editor in 32.94 ms, found 2 plugins.
Preloading 0 native plugins for Editor in 0.00 ms.
Mono: successfully reloaded assembly
- Completed reload, in  1.052 seconds
Domain Reload Profiling:
	ReloadAssembly (1052ms)
		BeginReloadAssembly (67ms)
			ExecutionOrderSort (0ms)
			DisableScriptedObjects (0ms)
			BackupInstance (0ms)
			ReleaseScriptingObjects (0ms)
			CreateAndSetChildDomain (1ms)
		EndReloadAssembly (538ms)
			LoadAssemblies (66ms)
			RebuildTransferFunctionScriptingTraits (0ms)
			SetupTypeCache (194ms)
			ReleaseScriptCaches (0ms)
			RebuildScriptCaches (39ms)
			SetupLoadedEditorAssemblies (189ms)
				LogAssemblyErrors (0ms)
				InitializePlatformSupportModulesInManaged (5ms)
				SetLoadedEditorAssemblies (0ms)
				RefreshPlugins (33ms)
				BeforeProcessingInitializeOnLoad (12ms)
				ProcessInitializeOnLoadAttributes (103ms)
				ProcessInitializeOnLoadMethodAttributes (35ms)
				AfterProcessingInitializeOnLoad (0ms)
				EditorAssembliesLoaded (0ms)
			ExecutionOrderSort2 (0ms)
			AwakeInstancesAfterBackupRestoration (0ms)
Platform modules already initialized, skipping
Registering precompiled user dll's ...
Registered in 0.003789 seconds.
Begin MonoManager ReloadAssembly
Native extension for WindowsStandalone target not found
Refreshing native plugins compatible for Editor in 0.55 ms, found 2 plugins.
Preloading 0 native plugins for Editor in 0.00 ms.
Mono: successfully reloaded assembly
- Completed reload, in  1.218 seconds
Domain Reload Profiling:
	ReloadAssembly (1219ms)
		BeginReloadAssembly (178ms)
			ExecutionOrderSort (0ms)
			DisableScriptedObjects (6ms)
			BackupInstance (0ms)
			ReleaseScriptingObjects (0ms)
			CreateAndSetChildDomain (24ms)
		EndReloadAssembly (972ms)
			LoadAssemblies (105ms)
			RebuildTransferFunctionScriptingTraits (0ms)
			SetupTypeCache (363ms)
			ReleaseScriptCaches (1ms)
			RebuildScriptCaches (50ms)
			SetupLoadedEditorAssemblies (347ms)
				LogAssemblyErrors (0ms)
				InitializePlatformSupportModulesInManaged (6ms)
				SetLoadedEditorAssemblies (1ms)
				RefreshPlugins (1ms)
				BeforeProcessingInitializeOnLoad (61ms)
				ProcessInitializeOnLoadAttributes (264ms)
				ProcessInitializeOnLoadMethodAttributes (11ms)
				AfterProcessingInitializeOnLoad (3ms)
				EditorAssembliesLoaded (0ms)
			ExecutionOrderSort2 (0ms)
			AwakeInstancesAfterBackupRestoration (8ms)
Platform modules already initialized, skipping
========================================================================
Worker process is ready to serve import requests
Launched and connected shader compiler UnityShaderCompiler.exe after 0.09 seconds
Refreshing native plugins compatible for Editor in 0.67 ms, found 2 plugins.
Preloading 0 native plugins for Editor in 0.00 ms.
Unloading 1488 Unused Serialized files (Serialized files now loaded: 0)
System memory in use before: 67.1 MB.
System memory in use after: 67.1 MB.

Unloading 19 unused Assets to reduce memory usage. Loaded Objects now: 1920.
Total: 3.624700 ms (FindLiveObjects: 0.190300 ms CreateObjectMapping: 0.067100 ms MarkObjects: 3.279400 ms  DeleteObjects: 0.086400 ms)

AssetImportParameters requested are different than current active one (requested -> active):
  custom:framework-win-MediaFoundation: 216162199b28c13a410421893ffa2e32 -> 
  custom:video-decoder-ogg-theora: a1e56fd34408186e4bbccfd4996cb3dc -> 
  custom:container-muxer-webm: aa71ff27fc2769a1b78a27578f13a17b -> 
  custom:container-demuxer-webm: 4f35f7cbe854078d1ac9338744f61a02 -> 
  custom:container-demuxer-ogg: 62fdf1f143b41e24485cea50d1cbac27 -> 
  custom:video-encoder-webm-vp8: eb34c28f22e8b96e1ab97ce403110664 -> 
  custom:video-decoder-webm-vp8: 9c59270c3fd7afecdb556c50c9e8de78 -> 
  custom:audio-decoder-ogg-vorbis: bf7c407c2cedff20999df2af8eb42d56 -> 
  custom:audio-encoder-webm-vorbis: bf7c407c2cedff20999df2af8eb42d56 -> 
========================================================================
Received Import Request.
  path: Assets/Barrett_Humanoid.unity
  artifactKey: Guid(b6d5533678ec6e341a26959cbfb8a6ae) Importer(815301076,1909f56bfc062723c751e8b465ee728b)
Start importing Assets/Barrett_Humanoid.unity using Guid(b6d5533678ec6e341a26959cbfb8a6ae) Importer(815301076,1909f56bfc062723c751e8b465ee728b)  -> (artifact id: '50367157edb659252ff1b9d078799eb8') in 0.024021 seconds 
  Import took 0.026871 seconds .

========================================================================
Received Import Request.
  Time since last request: 217.340497 seconds.
  path: Assets/Rachel
  artifactKey: Guid(f48e9dbda68802047a5c76fe3d0c774d) Importer(815301076,1909f56bfc062723c751e8b465ee728b)
Start importing Assets/Rachel using Guid(f48e9dbda68802047a5c76fe3d0c774d) Importer(815301076,1909f56bfc062723c751e8b465ee728b)  -> (artifact id: 'd24cba4b1ccbf1bc029471551060b8f4') in 0.011879 seconds 
  Import took 0.015345 seconds .

========================================================================
Received Import Request.
  Time since last request: 0.120080 seconds.
  path: Assets/Rachel/ChrRachel.fbx
  artifactKey: Guid(961288a46389a8f4d8206d5c9051f522) Importer(815301076,1909f56bfc062723c751e8b465ee728b)
Start importing Assets/Rachel/ChrRachel.fbx using Guid(961288a46389a8f4d8206d5c9051f522) Importer(815301076,1909f56bfc062723c751e8b465ee728b)  -> (artifact id: '4320e18f8a5e9b9e3f59fd6c001a21d1') in 1.062709 seconds 
  Import took 1.067671 seconds .

========================================================================
Received Import Request.
  Time since last request: 306.842038 seconds.
  path: Assets/Rachel/ChrRachel.fbx
  artifactKey: Guid(961288a46389a8f4d8206d5c9051f522) Importer(815301076,1909f56bfc062723c751e8b465ee728b)
Start importing Assets/Rachel/ChrRachel.fbx using Guid(961288a46389a8f4d8206d5c9051f522) Importer(815301076,1909f56bfc062723c751e8b465ee728b)  -> (artifact id: '7514fdb09a44e69ce7d60ca6fd4967d8') in 0.330340 seconds 
  Import took 0.336040 seconds .

========================================================================
Received Import Request.
  Time since last request: 122.758940 seconds.
  path: Assets/Rachel/ChrRachel.fbx
  artifactKey: Guid(961288a46389a8f4d8206d5c9051f522) Importer(815301076,1909f56bfc062723c751e8b465ee728b)
Start importing Assets/Rachel/ChrRachel.fbx using Guid(961288a46389a8f4d8206d5c9051f522) Importer(815301076,1909f56bfc062723c751e8b465ee728b)  -> (artifact id: '4fc3222c1ff085672f492aa0208ce318') in 0.576015 seconds 
  Import took 0.581689 seconds .

========================================================================
Received Import Request.
  Time since last request: 472.948057 seconds.
  path: Assets/Male_Adult_12
  artifactKey: Guid(fbf076edb3784d34a816533fbdd9ae4d) Importer(815301076,1909f56bfc062723c751e8b465ee728b)
Start importing Assets/Male_Adult_12 using Guid(fbf076edb3784d34a816533fbdd9ae4d) Importer(815301076,1909f56bfc062723c751e8b465ee728b)  -> (artifact id: 'ad969124b89bb09d610e1a2e80e90328') in 0.007701 seconds 
  Import took 0.011670 seconds .

========================================================================
Received Prepare
Registering precompiled user dll's ...
Registered in 0.003699 seconds.
Begin MonoManager ReloadAssembly
Native extension for WindowsStandalone target not found
Refreshing native plugins compatible for Editor in 0.51 ms, found 2 plugins.
Preloading 0 native plugins for Editor in 0.00 ms.
Mono: successfully reloaded assembly
- Completed reload, in  1.131 seconds
Domain Reload Profiling:
	ReloadAssembly (1131ms)
		BeginReloadAssembly (131ms)
			ExecutionOrderSort (0ms)
			DisableScriptedObjects (6ms)
			BackupInstance (0ms)
			ReleaseScriptingObjects (0ms)
			CreateAndSetChildDomain (45ms)
		EndReloadAssembly (929ms)
			LoadAssemblies (105ms)
			RebuildTransferFunctionScriptingTraits (0ms)
			SetupTypeCache (351ms)
			ReleaseScriptCaches (1ms)
			RebuildScriptCaches (45ms)
			SetupLoadedEditorAssemblies (318ms)
				LogAssemblyErrors (0ms)
				InitializePlatformSupportModulesInManaged (7ms)
				SetLoadedEditorAssemblies (1ms)
				RefreshPlugins (1ms)
				BeforeProcessingInitializeOnLoad (54ms)
				ProcessInitializeOnLoadAttributes (243ms)
				ProcessInitializeOnLoadMethodAttributes (10ms)
				AfterProcessingInitializeOnLoad (3ms)
				EditorAssembliesLoaded (0ms)
			ExecutionOrderSort2 (0ms)
			AwakeInstancesAfterBackupRestoration (8ms)
Platform modules already initialized, skipping
Refreshing native plugins compatible for Editor in 0.52 ms, found 2 plugins.
Preloading 0 native plugins for Editor in 0.00 ms.
Unloading 1482 Unused Serialized files (Serialized files now loaded: 0)
System memory in use before: 72.7 MB.
System memory in use after: 72.8 MB.

Unloading 14 unused Assets to reduce memory usage. Loaded Objects now: 1936.
Total: 3.761500 ms (FindLiveObjects: 0.185500 ms CreateObjectMapping: 0.070400 ms MarkObjects: 3.479500 ms  DeleteObjects: 0.024800 ms)

AssetImportParameters requested are different than current active one (requested -> active):
  custom:framework-win-MediaFoundation: 216162199b28c13a410421893ffa2e32 -> 
  custom:video-decoder-ogg-theora: a1e56fd34408186e4bbccfd4996cb3dc -> 
  custom:container-muxer-webm: aa71ff27fc2769a1b78a27578f13a17b -> 
  custom:container-demuxer-webm: 4f35f7cbe854078d1ac9338744f61a02 -> 
  custom:container-demuxer-ogg: 62fdf1f143b41e24485cea50d1cbac27 -> 
  custom:video-encoder-webm-vp8: eb34c28f22e8b96e1ab97ce403110664 -> 
  custom:video-decoder-webm-vp8: 9c59270c3fd7afecdb556c50c9e8de78 -> 
  custom:audio-decoder-ogg-vorbis: bf7c407c2cedff20999df2af8eb42d56 -> 
  custom:audio-encoder-webm-vorbis: bf7c407c2cedff20999df2af8eb42d56 -> 
========================================================================
Received Import Request.
  Time since last request: 905.478410 seconds.
  path: Assets/Rachel/Walking.fbx
  artifactKey: Guid(337c0fdcce46ead47aad15c54a2b1e5e) Importer(815301076,1909f56bfc062723c751e8b465ee728b)
Start importing Assets/Rachel/Walking.fbx using Guid(337c0fdcce46ead47aad15c54a2b1e5e) Importer(815301076,1909f56bfc062723c751e8b465ee728b)  -> (artifact id: 'eccc2f8f60e0daa33089eb41a2f88c68') in 0.538448 seconds 
  Import took 0.544347 seconds .

========================================================================
Received Import Request.
  Time since last request: 2.182571 seconds.
  path: Assets/Rachel/GitHubDesktopSetup-x64.exe
  artifactKey: Guid(ee5d5d32e09d2f441b4e8ec09aef611c) Importer(815301076,1909f56bfc062723c751e8b465ee728b)
Start importing Assets/Rachel/GitHubDesktopSetup-x64.exe using Guid(ee5d5d32e09d2f441b4e8ec09aef611c) Importer(815301076,1909f56bfc062723c751e8b465ee728b)  -> (artifact id: '5560164442870dbb3e1f1f6a26854c90') in 0.014199 seconds 
  Import took 0.017584 seconds .

========================================================================
Received Import Request.
  Time since last request: 141.382537 seconds.
  path: Assets/Rachel/Walking.fbx
  artifactKey: Guid(337c0fdcce46ead47aad15c54a2b1e5e) Importer(815301076,1909f56bfc062723c751e8b465ee728b)
Start importing Assets/Rachel/Walking.fbx using Guid(337c0fdcce46ead47aad15c54a2b1e5e) Importer(815301076,1909f56bfc062723c751e8b465ee728b)  -> (artifact id: 'e57a593c9340cbeeeda75775501efc76') in 0.336039 seconds 
  Import took 0.341813 seconds .

========================================================================
Received Import Request.
  Time since last request: 121.970944 seconds.
  path: Assets/Rachel/Walking.fbx
  artifactKey: Guid(337c0fdcce46ead47aad15c54a2b1e5e) Importer(815301076,1909f56bfc062723c751e8b465ee728b)
Start importing Assets/Rachel/Walking.fbx using Guid(337c0fdcce46ead47aad15c54a2b1e5e) Importer(815301076,1909f56bfc062723c751e8b465ee728b)  -> (artifact id: '83ac42d093a5223ee3920f99b58f984b') in 0.299349 seconds 
  Import took 0.305219 seconds .

========================================================================
Received Import Request.
  Time since last request: 53.002162 seconds.
  path: Assets/Rachel/Rachel Walking.controller
  artifactKey: Guid(b45b905487d26ee44aca3f13ee48c316) Importer(815301076,1909f56bfc062723c751e8b465ee728b)
Start importing Assets/Rachel/Rachel Walking.controller using Guid(b45b905487d26ee44aca3f13ee48c316) Importer(815301076,1909f56bfc062723c751e8b465ee728b)  -> (artifact id: 'fda6cb862f4387fcf1bff9af1ba78063') in 0.013933 seconds 
  Import took 0.017736 seconds .

========================================================================
Received Import Request.
  Time since last request: 137.971855 seconds.
  path: Assets/Rachel/Rachel Walking.controller
  artifactKey: Guid(b45b905487d26ee44aca3f13ee48c316) Importer(815301076,1909f56bfc062723c751e8b465ee728b)
Start importing Assets/Rachel/Rachel Walking.controller using Guid(b45b905487d26ee44aca3f13ee48c316) Importer(815301076,1909f56bfc062723c751e8b465ee728b)  -> (artifact id: '47fe93d458ac567d85b0192157b2b92c') in 0.005099 seconds 
  Import took 0.008880 seconds .

========================================================================
Received Prepare
Registering precompiled user dll's ...
Registered in 0.003968 seconds.
Begin MonoManager ReloadAssembly
Native extension for WindowsStandalone target not found
Refreshing native plugins compatible for Editor in 0.50 ms, found 2 plugins.
Preloading 0 native plugins for Editor in 0.00 ms.
Mono: successfully reloaded assembly
- Completed reload, in  1.127 seconds
Domain Reload Profiling:
	ReloadAssembly (1128ms)
		BeginReloadAssembly (129ms)
			ExecutionOrderSort (0ms)
			DisableScriptedObjects (6ms)
			BackupInstance (0ms)
			ReleaseScriptingObjects (0ms)
			CreateAndSetChildDomain (45ms)
		EndReloadAssembly (930ms)
			LoadAssemblies (105ms)
			RebuildTransferFunctionScriptingTraits (0ms)
			SetupTypeCache (345ms)
			ReleaseScriptCaches (1ms)
			RebuildScriptCaches (47ms)
			SetupLoadedEditorAssemblies (320ms)
				LogAssemblyErrors (0ms)
				InitializePlatformSupportModulesInManaged (6ms)
				SetLoadedEditorAssemblies (1ms)
				RefreshPlugins (1ms)
				BeforeProcessingInitializeOnLoad (55ms)
				ProcessInitializeOnLoadAttributes (243ms)
				ProcessInitializeOnLoadMethodAttributes (11ms)
				AfterProcessingInitializeOnLoad (3ms)
				EditorAssembliesLoaded (0ms)
			ExecutionOrderSort2 (0ms)
			AwakeInstancesAfterBackupRestoration (8ms)
Platform modules already initialized, skipping
Refreshing native plugins compatible for Editor in 0.77 ms, found 2 plugins.
Preloading 0 native plugins for Editor in 0.00 ms.
Unloading 1482 Unused Serialized files (Serialized files now loaded: 0)
System memory in use before: 73.3 MB.
System memory in use after: 73.4 MB.

Unloading 14 unused Assets to reduce memory usage. Loaded Objects now: 1972.
Total: 3.616700 ms (FindLiveObjects: 0.193800 ms CreateObjectMapping: 0.064300 ms MarkObjects: 3.332800 ms  DeleteObjects: 0.024500 ms)

AssetImportParameters requested are different than current active one (requested -> active):
  custom:framework-win-MediaFoundation: 216162199b28c13a410421893ffa2e32 -> 
  custom:video-decoder-ogg-theora: a1e56fd34408186e4bbccfd4996cb3dc -> 
  custom:container-muxer-webm: aa71ff27fc2769a1b78a27578f13a17b -> 
  custom:container-demuxer-webm: 4f35f7cbe854078d1ac9338744f61a02 -> 
  custom:container-demuxer-ogg: 62fdf1f143b41e24485cea50d1cbac27 -> 
  custom:video-encoder-webm-vp8: eb34c28f22e8b96e1ab97ce403110664 -> 
  custom:video-decoder-webm-vp8: 9c59270c3fd7afecdb556c50c9e8de78 -> 
  custom:audio-decoder-ogg-vorbis: bf7c407c2cedff20999df2af8eb42d56 -> 
  custom:audio-encoder-webm-vorbis: bf7c407c2cedff20999df2af8eb42d56 -> 
AssetImportWorkerClient::OnTransportError - code=2 error=End of file
